[2026-05-20 11:36:09] 【Range Navigator 系統測試】
這是一筆來自系統的測試警報！
您的通知發送管道已成功配置。
[2026-05-20 11:38:46] 【跌破下關價】
標的: 2330.TW
時間: 2026-05-20 03:15:00
價格: 2195.0
說明: 價格收盤跌破昨日三關價之下關位 (2195.45)！空頭波段進入弱勢區域。
[2026-05-20 11:59:57] 【空頭反轉訊號】
標的: 2330.TW
時間: 2026-05-20 03:35:00
價格: 2190.0
說明: 偵測到最新 K 線看跌 MSS 結構破壞，大成交量跌破前低，趨勢可能反向做空！
當前階梯參考價: 2195.00
[2026-05-20 11:59:57] 【空頭趨勢延續】
標的: 2330.TW
時間: 2026-05-20 03:35:00
價格: 2190.0
說明: 偵測到 BOS 結構連續跌破，空頭趨勢強烈加壓！
當前階梯參考價: 2195.00
[2026-05-20 11:59:57] 【跌破下關價】
標的: 0050.TW
時間: 2026-05-20 03:35:00
價格: 92.55000305175781
說明: 價格收盤跌破昨日三關價之下關位 (92.56)！空頭波段進入弱勢區域。
[2026-05-20 11:59:57] 【空頭趨勢延續】
標的: 00878.TW
時間: 2026-05-20 03:35:00
價格: 26.959999084472656
說明: 偵測到 BOS 結構連續跌破，空頭趨勢強烈加壓！
當前階梯參考價: 26.98
[2026-05-20 11:59:58] 【空頭趨勢延續】
標的: 00631L.TW
時間: 2026-05-20 03:35:00
價格: 29.40999984741211
說明: 偵測到 BOS 結構連續跌破，空頭趨勢強烈加壓！
當前階梯參考價: 29.51
